Command line invocation:
    /Applications/Xcode-26.1.0.app/Contents/Developer/usr/bin/xcodebuild -project Construkt.xcodeproj -scheme Construkt build

Resolve Package Graph


Resolved source packages:
  Factory: https://github.com/hmlongco/Factory.git @ 1.3.7
  SnapKit: https://github.com/SnapKit/SnapKit @ 5.7.1
  RxSwift: https://github.com/ReactiveX/RxSwift.git @ 6.10.1

--- xcodebuild: WARNING: Using the first of multiple matching destinations:
{ platform:macOS, arch:arm64, variant:Designed for [iPad,iPhone], id:00008103-000648283ED9001E, name:My Mac }
{ platform:iOS, id:dvtdevice-DVTiPhonePlaceholder-iphoneos:placeholder, name:Any iOS Device }
{ platform:iOS Simulator, id:dvtdevice-DVTiOSDeviceSimulatorPlaceholder-iphonesimulator:placeholder, name:Any iOS Simulator Device }
{ platform:iOS Simulator, arch:arm64, id:7018A62E-6CE5-4420-8075-123F64BF22B0, OS:18.6, name:16PRO 18.6 }
{ platform:iOS Simulator, arch:x86_64, id:7018A62E-6CE5-4420-8075-123F64BF22B0, OS:18.6, name:16PRO 18.6 }
{ platform:iOS Simulator, arch:arm64, id:95064265-0F15-414D-8BB9-3E3D25BAB547, OS:18.6, name:SE 3rd 18.6 }
{ platform:iOS Simulator, arch:x86_64, id:95064265-0F15-414D-8BB9-3E3D25BAB547, OS:18.6, name:SE 3rd 18.6 }
{ platform:iOS Simulator, arch:arm64, id:0D0E0496-7AD3-4525-9F2C-60818655D3FF, OS:18.6, name:iPad (A16) }
{ platform:iOS Simulator, arch:x86_64, id:0D0E0496-7AD3-4525-9F2C-60818655D3FF, OS:18.6, name:iPad (A16) }
{ platform:iOS Simulator, arch:arm64, id:99DADC42-8AEC-482F-94B4-19D6F02440D3, OS:26.1, name:iPad (A16) }
{ platform:iOS Simulator, arch:x86_64, id:99DADC42-8AEC-482F-94B4-19D6F02440D3, OS:26.1, name:iPad (A16) }
{ platform:iOS Simulator, arch:arm64, id:6B2EAA90-7433-455E-8580-E19133B80D3E, OS:18.6, name:iPad Air 11-inch (M3) }
{ platform:iOS Simulator, arch:x86_64, id:6B2EAA90-7433-455E-8580-E19133B80D3E, OS:18.6, name:iPad Air 11-inch (M3) }
{ platform:iOS Simulator, arch:arm64, id:FFED936E-EC1E-4A4D-9E1E-70EA68931D2D, OS:26.1, name:iPad Air 11-inch (M3) }
{ platform:iOS Simulator, arch:x86_64, id:FFED936E-EC1E-4A4D-9E1E-70EA68931D2D, OS:26.1, name:iPad Air 11-inch (M3) }
{ platform:iOS Simulator, arch:arm64, id:9BB67611-682A-4BA9-912F-F3FE368BBA72, OS:18.6, name:iPad Air 13-inch (M3) }
{ platform:iOS Simulator, arch:x86_64, id:9BB67611-682A-4BA9-912F-F3FE368BBA72, OS:18.6, name:iPad Air 13-inch (M3) }
{ platform:iOS Simulator, arch:arm64, id:0387F73A-4702-42D0-94E1-85ACEA0C489A, OS:26.1, name:iPad Air 13-inch (M3) }
{ platform:iOS Simulator, arch:x86_64, id:0387F73A-4702-42D0-94E1-85ACEA0C489A, OS:26.1, name:iPad Air 13-inch (M3) }
{ platform:iOS Simulator, arch:arm64, id:7C1418C5-C44C-44BD-AAFD-5B2766384F89, OS:18.6, name:iPad Pro 11-inch (M4) }
{ platform:iOS Simulator, arch:x86_64, id:7C1418C5-C44C-44BD-AAFD-5B2766384F89, OS:18.6, name:iPad Pro 11-inch (M4) }
{ platform:iOS Simulator, arch:arm64, id:9822F186-58C6-478F-8534-DC613447DE88, OS:26.1, name:iPad Pro 11-inch (M5) }
{ platform:iOS Simulator, arch:x86_64, id:9822F186-58C6-478F-8534-DC613447DE88, OS:26.1, name:iPad Pro 11-inch (M5) }
{ platform:iOS Simulator, arch:arm64, id:48D5B205-C279-4E16-8A71-2F3C3388D16A, OS:18.6, name:iPad Pro 13-inch (M4) }
{ platform:iOS Simulator, arch:x86_64, id:48D5B205-C279-4E16-8A71-2F3C3388D16A, OS:18.6, name:iPad Pro 13-inch (M4) }
{ platform:iOS Simulator, arch:arm64, id:0A42DB5F-EBD9-449E-B93A-2F086EF04819, OS:26.1, name:iPad Pro 13-inch (M5) }
{ platform:iOS Simulator, arch:x86_64, id:0A42DB5F-EBD9-449E-B93A-2F086EF04819, OS:26.1, name:iPad Pro 13-inch (M5) }
{ platform:iOS Simulator, arch:arm64, id:E8893B61-2D0A-4AF9-9034-9E2866044AEF, OS:18.6, name:iPad mini (A17 Pro) }
{ platform:iOS Simulator, arch:x86_64, id:E8893B61-2D0A-4AF9-9034-9E2866044AEF, OS:18.6, name:iPad mini (A17 Pro) }
{ platform:iOS Simulator, arch:arm64, id:158BD7A9-FF67-427E-B1D9-6565E4740B91, OS:26.1, name:iPad mini (A17 Pro) }
{ platform:iOS Simulator, arch:x86_64, id:158BD7A9-FF67-427E-B1D9-6565E4740B91, OS:26.1, name:iPad mini (A17 Pro) }
{ platform:iOS Simulator, arch:arm64, id:970B6909-8322-413F-8116-3934CDD5D7C5, OS:26.1, name:iPhone 13 }
{ platform:iOS Simulator, arch:x86_64, id:970B6909-8322-413F-8116-3934CDD5D7C5, OS:26.1, name:iPhone 13 }
{ platform:iOS Simulator, arch:arm64, id:219D3EF6-5BE4-489E-B2C1-81930BAB1ADD, OS:18.6, name:iPhone 16 }
{ platform:iOS Simulator, arch:x86_64, id:219D3EF6-5BE4-489E-B2C1-81930BAB1ADD, OS:18.6, name:iPhone 16 }
{ platform:iOS Simulator, arch:arm64, id:E62045A1-EBF3-42D1-AB4A-357D491A4174, OS:18.6, name:iPhone 16 Plus }
{ platform:iOS Simulator, arch:x86_64, id:E62045A1-EBF3-42D1-AB4A-357D491A4174, OS:18.6, name:iPhone 16 Plus }
{ platform:iOS Simulator, arch:arm64, id:201DB0CB-82FA-4376-A93D-C3E7D807BD5E, OS:18.6, name:iPhone 16 Pro }
{ platform:iOS Simulator, arch:x86_64, id:201DB0CB-82FA-4376-A93D-C3E7D807BD5E, OS:18.6, name:iPhone 16 Pro }
{ platform:iOS Simulator, arch:arm64, id:1740D45F-1E32-435A-8611-AB4856725DB2, OS:18.6, name:iPhone 16 Pro 18.6 }
{ platform:iOS Simulator, arch:x86_64, id:1740D45F-1E32-435A-8611-AB4856725DB2, OS:18.6, name:iPhone 16 Pro 18.6 }
{ platform:iOS Simulator, arch:arm64, id:0D2757BB-198C-42C6-9A1C-B66F1F0960D6, OS:18.6, name:iPhone 16 Pro Max }
{ platform:iOS Simulator, arch:x86_64, id:0D2757BB-198C-42C6-9A1C-B66F1F0960D6, OS:18.6, name:iPhone 16 Pro Max }
{ platform:iOS Simulator, arch:arm64, id:65376331-7149-4794-99AC-F977C1DE5490, OS:18.6, name:iPhone 16e }
{ platform:iOS Simulator, arch:x86_64, id:65376331-7149-4794-99AC-F977C1DE5490, OS:18.6, name:iPhone 16e }
{ platform:iOS Simulator, arch:arm64, id:A0E7BD3F-E6DF-4B3C-A27E-69BF4516FC43, OS:26.1, name:iPhone 16e }
{ platform:iOS Simulator, arch:x86_64, id:A0E7BD3F-E6DF-4B3C-A27E-69BF4516FC43, OS:26.1, name:iPhone 16e }
{ platform:iOS Simulator, arch:arm64, id:A1DBA281-377C-4538-8883-DDE60B1C4441, OS:26.1, name:iPhone 17 }
{ platform:iOS Simulator, arch:x86_64, id:A1DBA281-377C-4538-8883-DDE60B1C4441, OS:26.1, name:iPhone 17 }
{ platform:iOS Simulator, arch:arm64, id:5F1F1904-BB68-4240-B418-62028210B37B, OS:26.1, name:iPhone 17 Pro }
{ platform:iOS Simulator, arch:x86_64, id:5F1F1904-BB68-4240-B418-62028210B37B, OS:26.1, name:iPhone 17 Pro }
{ platform:iOS Simulator, arch:arm64, id:0C8D315D-8947-4061-BA97-84B5ADFCDB95, OS:26.1, name:iPhone 17 Pro Max }
{ platform:iOS Simulator, arch:x86_64, id:0C8D315D-8947-4061-BA97-84B5ADFCDB95, OS:26.1, name:iPhone 17 Pro Max }
{ platform:iOS Simulator, arch:arm64, id:A3666387-F188-4A9C-82F1-682EDE5150BB, OS:26.1, name:iPhone Air }
{ platform:iOS Simulator, arch:x86_64, id:A3666387-F188-4A9C-82F1-682EDE5150BB, OS:26.1, name:iPhone Air }
ComputePackagePrebuildTargetDependencyGraph

Prepare packages

CreateBuildRequest

SendProjectDescription

CreateBuildOperation

ComputeTargetDependencyGraph
note: Building targets in dependency order
note: Target dependency graph (16 targets)
    Target 'Construkt' in project 'Construkt'
        ➜ Explicit dependency on target 'RxCocoa' in project 'RxSwift'
        ➜ Explicit dependency on target 'SnapKit' in project 'SnapKit'
        ➜ Explicit dependency on target 'Factory' in project 'Factory'
        ➜ Explicit dependency on target 'RxSwift' in project 'RxSwift'
    Target 'RxSwift' in project 'RxSwift'
        ➜ Explicit dependency on target 'RxSwift' in project 'RxSwift'
        ➜ Explicit dependency on target 'RxSwift_RxSwift' in project 'RxSwift'
    Target 'Factory' in project 'Factory'
        ➜ Explicit dependency on target 'Factory' in project 'Factory'
    Target 'Factory' in project 'Factory' (no dependencies)
    Target 'SnapKit' in project 'SnapKit'
        ➜ Explicit dependency on target 'SnapKit' in project 'SnapKit'
        ➜ Explicit dependency on target 'SnapKit_SnapKit' in project 'SnapKit'
    Target 'SnapKit' in project 'SnapKit'
        ➜ Explicit dependency on target 'SnapKit_SnapKit' in project 'SnapKit'
    Target 'SnapKit_SnapKit' in project 'SnapKit' (no dependencies)
    Target 'RxCocoa' in project 'RxSwift'
        ➜ Explicit dependency on target 'RxCocoa' in project 'RxSwift'
        ➜ Explicit dependency on target 'RxSwift_RxCocoa' in project 'RxSwift'
        ➜ Explicit dependency on target 'RxSwift' in project 'RxSwift'
        ➜ Explicit dependency on target 'RxRelay' in project 'RxSwift'
        ➜ Explicit dependency on target 'RxCocoaRuntime' in project 'RxSwift'
    Target 'RxCocoa' in project 'RxSwift'
        ➜ Explicit dependency on target 'RxSwift_RxCocoa' in project 'RxSwift'
        ➜ Explicit dependency on target 'RxSwift' in project 'RxSwift'
        ➜ Explicit dependency on target 'RxRelay' in project 'RxSwift'
        ➜ Explicit dependency on target 'RxCocoaRuntime' in project 'RxSwift'
    Target 'RxCocoaRuntime' in project 'RxSwift'
        ➜ Explicit dependency on target 'RxSwift_RxCocoaRuntime' in project 'RxSwift'
        ➜ Explicit dependency on target 'RxSwift' in project 'RxSwift'
    Target 'RxSwift_RxCocoaRuntime' in project 'RxSwift' (no dependencies)
    Target 'RxRelay' in project 'RxSwift'
        ➜ Explicit dependency on target 'RxSwift_RxRelay' in project 'RxSwift'
        ➜ Explicit dependency on target 'RxSwift' in project 'RxSwift'
    Target 'RxSwift_RxRelay' in project 'RxSwift' (no dependencies)
    Target 'RxSwift' in project 'RxSwift'
        ➜ Explicit dependency on target 'RxSwift_RxSwift' in project 'RxSwift'
    Target 'RxSwift_RxSwift' in project 'RxSwift' (no dependencies)
    Target 'RxSwift_RxCocoa' in project 'RxSwift' (no dependencies)

GatherProvisioningInputs

CreateBuildDescription

ExecuteExternalTool /Applications/Xcode-26.1.0.app/Contents/Developer/Toolchains/XcodeDefault.xctoolchain/usr/bin/swiftc --version

ExecuteExternalTool /Applications/Xcode-26.1.0.app/Contents/Developer/Toolchains/XcodeDefault.xctoolchain/usr/bin/clang -v -E -dM -arch arm64 -isysroot /Applications/Xcode-26.1.0.app/Contents/Developer/Platforms/iPhoneOS.platform/Developer/SDKs/iPhoneOS26.1.sdk -x objective-c -c /dev/null

ExecuteExternalTool /Applications/Xcode-26.1.0.app/Contents/Developer/Toolchains/XcodeDefault.xctoolchain/usr/bin/clang -v -E -dM -isysroot /Applications/Xcode-26.1.0.app/Contents/Developer/Platforms/iPhoneOS.platform/Developer/SDKs/iPhoneOS26.1.sdk -x c -c /dev/null

ExecuteExternalTool /Applications/Xcode-26.1.0.app/Contents/Developer/usr/bin/actool --print-asset-tag-combinations --output-format xml1 /Users/mac/Developer/pr0j3ct5/Construkt/Demo/Construkt/Resources/Assets.xcassets

ExecuteExternalTool /Applications/Xcode-26.1.0.app/Contents/Developer/usr/bin/actool --version --output-format xml1

ExecuteExternalTool /Applications/Xcode-26.1.0.app/Contents/Developer/Toolchains/XcodeDefault.xctoolchain/usr/bin/clang -v -E -dM -arch arm64 -isysroot /Applications/Xcode-26.1.0.app/Contents/Developer/Platforms/iPhoneOS.platform/Developer/SDKs/iPhoneOS26.1.sdk -x c -c /dev/null

ExecuteExternalTool /Applications/Xcode-26.1.0.app/Contents/Developer/Toolchains/XcodeDefault.xctoolchain/usr/bin/ld -version_details

Build description signature: 03693a85a2c1f8442e9ed2460696aa11
Build description path: /Users/mac/Library/Developer/Xcode/DerivedData/Construkt-dmvdvjzlicdgipdixgirozdsnyxg/Build/Intermediates.noindex/XCBuildData/03693a85a2c1f8442e9ed2460696aa11.xcbuilddata
/Users/mac/Developer/pr0j3ct5/Construkt/Demo/Construkt.xcodeproj: error: Provisioning profile "iOS Team Provisioning Profile: *" doesn't include the currently selected device "Mac’s MacBook Pro" (identifier 00008103-000648283ED9001E). (in target 'Construkt' from project 'Construkt')
warning: Skipping duplicate build file in Compile Sources build phase: /Users/mac/Developer/pr0j3ct5/Construkt/Sources/Construkt/Core/Builder/Builder+Attributes.swift (in target 'Construkt' from project 'Construkt')
warning: Skipping duplicate build file in Compile Sources build phase: /Users/mac/Developer/pr0j3ct5/Construkt/Sources/Construkt/Core/Builder/Builder+Button.swift (in target 'Construkt' from project 'Construkt')
warning: Skipping duplicate build file in Compile Sources build phase: /Users/mac/Developer/pr0j3ct5/Construkt/Sources/Construkt/Core/Builder/Builder+Constraints.swift (in target 'Construkt' from project 'Construkt')
warning: Skipping duplicate build file in Compile Sources build phase: /Users/mac/Developer/pr0j3ct5/Construkt/Sources/Construkt/Core/Builder/Builder+Container.swift (in target 'Construkt' from project 'Construkt')
warning: Skipping duplicate build file in Compile Sources build phase: /Users/mac/Developer/pr0j3ct5/Construkt/Sources/Construkt/Core/Builder/Builder+Context.swift (in target 'Construkt' from project 'Construkt')
warning: Skipping duplicate build file in Compile Sources build phase: /Users/mac/Developer/pr0j3ct5/Construkt/Sources/Construkt/Core/Builder/Builder+Controls.swift (in target 'Construkt' from project 'Construkt')
warning: Skipping duplicate build file in Compile Sources build phase: /Users/mac/Developer/pr0j3ct5/Construkt/Sources/Construkt/Core/Builder/Builder+Divider.swift (in target 'Construkt' from project 'Construkt')
warning: Skipping duplicate build file in Compile Sources build phase: /Users/mac/Developer/pr0j3ct5/Construkt/Sources/Construkt/Core/Builder/Builder+Dynamic.swift (in target 'Construkt' from project 'Construkt')
warning: Skipping duplicate build file in Compile Sources build phase: /Users/mac/Developer/pr0j3ct5/Construkt/Sources/Construkt/Core/Builder/Builder+Extensions.swift (in target 'Construkt' from project 'Construkt')
warning: Skipping duplicate build file in Compile Sources build phase: /Users/mac/Developer/pr0j3ct5/Construkt/Sources/Construkt/Core/Builder/Builder+ForEach.swift (in target 'Construkt' from project 'Construkt')
warning: Skipping duplicate build file in Compile Sources build phase: /Users/mac/Developer/pr0j3ct5/Construkt/Sources/Construkt/Core/Builder/Builder+Gestures.swift (in target 'Construkt' from project 'Construkt')
warning: Skipping duplicate build file in Compile Sources build phase: /Users/mac/Developer/pr0j3ct5/Construkt/Sources/Construkt/Core/Builder/Builder+Group.swift (in target 'Construkt' from project 'Construkt')
warning: Skipping duplicate build file in Compile Sources build phase: /Users/mac/Developer/pr0j3ct5/Construkt/Sources/Construkt/Core/Builder/Builder+Image.swift (in target 'Construkt' from project 'Construkt')
warning: Skipping duplicate build file in Compile Sources build phase: /Users/mac/Developer/pr0j3ct5/Construkt/Sources/Construkt/Core/Builder/Builder+Label.swift (in target 'Construkt' from project 'Construkt')
warning: Skipping duplicate build file in Compile Sources build phase: /Users/mac/Developer/pr0j3ct5/Construkt/Sources/Construkt/Core/Builder/Builder+Navigation.swift (in target 'Construkt' from project 'Construkt')
warning: Skipping duplicate build file in Compile Sources build phase: /Users/mac/Developer/pr0j3ct5/Construkt/Sources/Construkt/Core/Builder/Builder+Padding.swift (in target 'Construkt' from project 'Construkt')
warning: Skipping duplicate build file in Compile Sources build phase: /Users/mac/Developer/pr0j3ct5/Construkt/Sources/Construkt/Core/Builder/Builder+RxSwift.swift (in target 'Construkt' from project 'Construkt')
warning: Skipping duplicate build file in Compile Sources build phase: /Users/mac/Developer/pr0j3ct5/Construkt/Sources/Construkt/Core/Builder/Builder+ScrollView.swift (in target 'Construkt' from project 'Construkt')
warning: Skipping duplicate build file in Compile Sources build phase: /Users/mac/Developer/pr0j3ct5/Construkt/Sources/Construkt/Core/Builder/Builder+Spacer.swift (in target 'Construkt' from project 'Construkt')
warning: Skipping duplicate build file in Compile Sources build phase: /Users/mac/Developer/pr0j3ct5/Construkt/Sources/Construkt/Core/Builder/Builder+Stack.swift (in target 'Construkt' from project 'Construkt')
warning: Skipping duplicate build file in Compile Sources build phase: /Users/mac/Developer/pr0j3ct5/Construkt/Sources/Construkt/Core/Builder/Builder+Styles.swift (in target 'Construkt' from project 'Construkt')
warning: Skipping duplicate build file in Compile Sources build phase: /Users/mac/Developer/pr0j3ct5/Construkt/Sources/Construkt/Core/Builder/Builder+Switch.swift (in target 'Construkt' from project 'Construkt')
warning: Skipping duplicate build file in Compile Sources build phase: /Users/mac/Developer/pr0j3ct5/Construkt/Sources/Construkt/Core/Builder/Builder+TableView.swift (in target 'Construkt' from project 'Construkt')
warning: Skipping duplicate build file in Compile Sources build phase: /Users/mac/Developer/pr0j3ct5/Construkt/Sources/Construkt/Core/Builder/Builder+TextField.swift (in target 'Construkt' from project 'Construkt')
warning: Skipping duplicate build file in Compile Sources build phase: /Users/mac/Developer/pr0j3ct5/Construkt/Sources/Construkt/Core/Builder/Builder+Variable.swift (in target 'Construkt' from project 'Construkt')
warning: Skipping duplicate build file in Compile Sources build phase: /Users/mac/Developer/pr0j3ct5/Construkt/Sources/Construkt/Core/Builder/Builder+View.swift (in target 'Construkt' from project 'Construkt')
warning: Skipping duplicate build file in Compile Sources build phase: /Users/mac/Developer/pr0j3ct5/Construkt/Sources/Construkt/Core/Builder/Builder+ViewController.swift (in target 'Construkt' from project 'Construkt')
warning: Skipping duplicate build file in Compile Sources build phase: /Users/mac/Developer/pr0j3ct5/Construkt/Sources/Construkt/Core/Builder/Builder+With.swift (in target 'Construkt' from project 'Construkt')
warning: Skipping duplicate build file in Compile Sources build phase: /Users/mac/Developer/pr0j3ct5/Construkt/Sources/Construkt/Core/Builder/Builder+ZStack.swift (in target 'Construkt' from project 'Construkt')
warning: Skipping duplicate build file in Compile Sources build phase: /Users/mac/Developer/pr0j3ct5/Construkt/Sources/Construkt/Core/Builder/Builder.swift (in target 'Construkt' from project 'Construkt')
warning: Skipping duplicate build file in Compile Sources build phase: /Users/mac/Developer/pr0j3ct5/Construkt/Sources/Construkt/Core/Extensions/UIColor+Extensions.swift (in target 'Construkt' from project 'Construkt')
warning: Skipping duplicate build file in Compile Sources build phase: /Users/mac/Developer/pr0j3ct5/Construkt/Sources/Construkt/Core/Extensions/UIImage+Extensions.swift (in target 'Construkt' from project 'Construkt')
** BUILD FAILED **


The following build commands failed:
	Building project Construkt with scheme Construkt
(1 failure)
